<?xml version="1.0" encoding="UTF-8"?>
<testsuite xmlns:xsi="http://www.w3.org/2001/XMLSchema-instance" xsi:noNamespaceSchemaLocation="https://maven.apache.org/surefire/maven-surefire-plugin/xsd/surefire-test-report-3.0.xsd" version="3.0" name="org.example.springbootadventure.SpringBootAdventureApplicationTests" time="6.547" tests="1" errors="0" skipped="0" failures="0">
  <properties>
[...]
</properties>
  <testcase name="contextLoads" classname="org.example.springbootadventure.SpringBootAdventureApplicationTests" time="0.301">
    <system-out><![CDATA[17:07:57.518 [main] INFO org.springframework.test.context.support.AnnotationConfigContextLoaderUtils -- Could not detect default configuration classes for test class [org.example.springbootadventure.SpringBootAdventureApplicationTests]: SpringBootAdventureApplicationTests does not declare any static, non-private, non-final, nested classes annotated with @Configuration.
17:07:57.613 [main] INFO org.springframework.boot.test.context.SpringBootTestContextBootstrapper -- Found @SpringBootConfiguration org.example.springbootadventure.SpringBootAdventureApplication for test class org.example.springbootadventure.SpringBootAdventureApplicationTests

  .   ____          _            __ _ _
 /\\ / ___'_ __ _ _(_)_ __  __ _ \ \ \ \
( ( )\___ | '_ | '_| | '_ \/ _` | \ \ \ \
 \\/  ___)| |_)| | | | | || (_| |  ) ) ) )
  '  |____| .__|_| |_|_| |_\__, | / / / /
 =========|_|==============|___/=/_/_/_/
 :: Spring Boot ::                (v3.2.5)

2026-08-22T17:07:57.943+03:00  INFO 11328 --- [           main] .e.s.SpringBootAdventureApplicationTests : Starting SpringBootAdventureApplicationTests using Java 25.0.2 with PID 11328 (started by user in C:\Users\user\IdeaProjects\spring-boot-adv\spring-boot-adventure)
2026-08-22T17:07:57.945+03:00  INFO 11328 --- [           main] .e.s.SpringBootAdventureApplicationTests : No active profile set, falling back to 1 default profile: "default"
2026-08-22T17:07:58.874+03:00  INFO 11328 --- [           main] .s.d.r.c.RepositoryConfigurationDelegate : Bootstrapping Spring Data JPA repositories in DEFAULT mode.
2026-08-22T17:07:58.931+03:00  INFO 11328 --- [           main] .s.d.r.c.RepositoryConfigurationDelegate : Finished Spring Data repository scanning in 51 ms. Found 6 JPA repository interfaces.
2026-08-22T17:07:59.478+03:00  INFO 11328 --- [           main] com.zaxxer.hikari.HikariDataSource       : HikariPool-1 - Starting...
2026-08-22T17:07:59.716+03:00  INFO 11328 --- [           main] com.zaxxer.hikari.pool.HikariPool        : HikariPool-1 - Added connection conn0: url=jdbc:h2:mem:testdb user=SA
2026-08-22T17:07:59.718+03:00  INFO 11328 --- [           main] com.zaxxer.hikari.HikariDataSource       : HikariPool-1 - Start completed.
2026-08-22T17:07:59.771+03:00  INFO 11328 --- [           main] liquibase.database                       : Set default schema name to PUBLIC
2026-08-22T17:08:00.264+03:00  INFO 11328 --- [           main] liquibase.changelog                      : Creating database history table with name: PUBLIC.DATABASECHANGELOG
2026-08-22T17:08:00.378+03:00  INFO 11328 --- [           main] liquibase.changelog                      : Reading from PUBLIC.DATABASECHANGELOG
2026-08-22T17:08:00.511+03:00  INFO 11328 --- [           main] liquibase.lockservice                    : Successfully acquired change log lock
2026-08-22T17:08:00.515+03:00  INFO 11328 --- [           main] liquibase.command                        : Using deploymentId: 7407680515
2026-08-22T17:08:00.517+03:00  INFO 11328 --- [           main] liquibase.changelog                      : Reading from PUBLIC.DATABASECHANGELOG
Running Changeset: db/changelog/changes/01-create-books-table.yaml::create-books-table::v.oliynyk
2026-08-22T17:08:00.571+03:00  INFO 11328 --- [           main] liquibase.changelog                      : Table books created
2026-08-22T17:08:00.572+03:00  INFO 11328 --- [           main] liquibase.changelog                      : ChangeSet db/changelog/changes/01-create-books-table.yaml::create-books-table::v.oliynyk ran successfully in 13ms
Running Changeset: db/changelog/changes/02-create-users-table.yaml::create-users-table::dev
2026-08-22T17:08:00.585+03:00  INFO 11328 --- [           main] liquibase.changelog                      : Table users created
2026-08-22T17:08:00.585+03:00  INFO 11328 --- [           main] liquibase.changelog                      : ChangeSet db/changelog/changes/02-create-users-table.yaml::create-users-table::dev ran successfully in 4ms
Running Changeset: db/changelog/changes/03-create-roles-table.yaml::create-roles-table::dev
2026-08-22T17:08:00.593+03:00  INFO 11328 --- [           main] liquibase.changelog                      : Table roles created
2026-08-22T17:08:00.593+03:00  INFO 11328 --- [           main] liquibase.changelog                      : ChangeSet db/changelog/changes/03-create-roles-table.yaml::create-roles-table::dev ran successfully in 4ms
Running Changeset: db/changelog/changes/04-create-users-roles-table.yaml::create-users-roles-table::dev
2026-08-22T17:08:00.603+03:00  INFO 11328 --- [           main] liquibase.changelog                      : Table users_roles created
2026-08-22T17:08:00.606+03:00  INFO 11328 --- [           main] liquibase.changelog                      : Primary key added to users_roles (user_id, role_id)
2026-08-22T17:08:00.613+03:00  INFO 11328 --- [           main] liquibase.changelog                      : Foreign key constraint added to users_roles (user_id)
2026-08-22T17:08:00.615+03:00  INFO 11328 --- [           main] liquibase.changelog                      : Foreign key constraint added to users_roles (role_id)
2026-08-22T17:08:00.616+03:00  INFO 11328 --- [           main] liquibase.changelog                      : ChangeSet db/changelog/changes/04-create-users-roles-table.yaml::create-users-roles-table::dev ran successfully in 15ms
Running Changeset: db/changelog/changes/05-insert-roles-and-admin.yaml::insert-roles::dev
2026-08-22T17:08:00.625+03:00  INFO 11328 --- [           main] liquibase.changelog                      : New row inserted into roles
2026-08-22T17:08:00.626+03:00  INFO 11328 --- [           main] liquibase.changelog                      : New row inserted into roles
2026-08-22T17:08:00.627+03:00  INFO 11328 --- [           main] liquibase.changelog                      : ChangeSet db/changelog/changes/05-insert-roles-and-admin.yaml::insert-roles::dev ran successfully in 4ms
Running Changeset: db/changelog/changes/05-insert-roles-and-admin.yaml::insert-admin-user::dev
2026-08-22T17:08:00.632+03:00  INFO 11328 --- [           main] liquibase.changelog                      : New row inserted into users
2026-08-22T17:08:00.633+03:00  INFO 11328 --- [           main] liquibase.changelog                      : New row inserted into users_roles
2026-08-22T17:08:00.633+03:00  INFO 11328 --- [           main] liquibase.changelog                      : ChangeSet db/changelog/changes/05-insert-roles-and-admin.yaml::insert-admin-user::dev ran successfully in 2ms
Running Changeset: db/changelog/changes/06-create-categories-table.yaml::create-categories-table::vova
2026-08-22T17:08:00.638+03:00  INFO 11328 --- [           main] liquibase.changelog                      : Table categories created
2026-08-22T17:08:00.638+03:00  INFO 11328 --- [           main] liquibase.changelog                      : ChangeSet db/changelog/changes/06-create-categories-table.yaml::create-categories-table::vova ran successfully in 3ms
Running Changeset: db/changelog/changes/07-create-books-categories-table.yaml::create-books-categories-table::vova
2026-08-22T17:08:00.648+03:00  INFO 11328 --- [           main] liquibase.changelog                      : Table books_categories created
2026-08-22T17:08:00.650+03:00  INFO 11328 --- [           main] liquibase.changelog                      : Primary key added to books_categories (book_id, category_id)
2026-08-22T17:08:00.650+03:00  INFO 11328 --- [           main] liquibase.changelog                      : ChangeSet db/changelog/changes/07-create-books-categories-table.yaml::create-books-categories-table::vova ran successfully in 8ms
Running Changeset: db/changelog/changes/08-update-admin-password.yaml::update-admin-password::vova
2026-08-22T17:08:00.656+03:00  INFO 11328 --- [           main] liquibase.changelog                      : Data updated in users
2026-08-22T17:08:00.656+03:00  INFO 11328 --- [           main] liquibase.changelog                      : ChangeSet db/changelog/changes/08-update-admin-password.yaml::update-admin-password::vova ran successfully in 2ms
Running Changeset: db/changelog/changes/09-create-shopping-carts-table.yaml::create-shopping-carts-table::vova
2026-08-22T17:08:00.664+03:00  INFO 11328 --- [           main] liquibase.changelog                      : Table shopping_carts created
2026-08-22T17:08:00.666+03:00  INFO 11328 --- [           main] liquibase.changelog                      : ChangeSet db/changelog/changes/09-create-shopping-carts-table.yaml::create-shopping-carts-table::vova ran successfully in 5ms
Running Changeset: db/changelog/changes/10-create-cart-items-table.yaml::create-cart-items-table::vova
2026-08-22T17:08:00.672+03:00  INFO 11328 --- [           main] liquibase.changelog                      : Table cart_items created
2026-08-22T17:08:00.672+03:00  INFO 11328 --- [           main] liquibase.changelog                      : ChangeSet db/changelog/changes/10-create-cart-items-table.yaml::create-cart-items-table::vova ran successfully in 3ms
2026-08-22T17:08:00.679+03:00  INFO 11328 --- [           main] liquibase.util                           : UPDATE SUMMARY
2026-08-22T17:08:00.679+03:00  INFO 11328 --- [           main] liquibase.util                           : Run:                         11
2026-08-22T17:08:00.679+03:00  INFO 11328 --- [           main] liquibase.util                           : Previously run:               0
2026-08-22T17:08:00.679+03:00  INFO 11328 --- [           main] liquibase.util                           : Filtered out:                 0
2026-08-22T17:08:00.680+03:00  INFO 11328 --- [           main] liquibase.util                           : -------------------------------
2026-08-22T17:08:00.680+03:00  INFO 11328 --- [           main] liquibase.util                           : Total change sets:           11
2026-08-22T17:08:00.680+03:00  INFO 11328 --- [           main] liquibase.util                           : Update summary generated
2026-08-22T17:08:00.682+03:00  INFO 11328 --- [           main] liquibase.command                        : Update command completed successfully.
Liquibase: Update has been successful. Rows affected: 16
2026-08-22T17:08:00.685+03:00  INFO 11328 --- [           main] liquibase.lockservice                    : Successfully released change log lock
2026-08-22T17:08:00.686+03:00  INFO 11328 --- [           main] liquibase.command                        : Command execution complete
2026-08-22T17:08:00.834+03:00  INFO 11328 --- [           main] o.hibernate.jpa.internal.util.LogHelper  : HHH000204: Processing PersistenceUnitInfo [name: default]
2026-08-22T17:08:00.939+03:00  INFO 11328 --- [           main] org.hibernate.Version                    : HHH000412: Hibernate ORM core version 6.4.4.Final
2026-08-22T17:08:00.981+03:00  INFO 11328 --- [           main] o.h.c.internal.RegionFactoryInitiator    : HHH000026: Second-level cache disabled
2026-08-22T17:08:01.183+03:00  INFO 11328 --- [           main] o.s.o.j.p.SpringPersistenceUnitInfo      : No LoadTimeWeaver setup: ignoring JPA class transformer
2026-08-22T17:08:01.228+03:00  WARN 11328 --- [           main] org.hibernate.orm.deprecation            : HHH90000025: H2Dialect does not need to be specified explicitly using 'hibernate.dialect' (remove the property setting and it will be selected by default)
2026-08-22T17:08:01.995+03:00  INFO 11328 --- [           main] o.h.e.t.j.p.i.JtaPlatformInitiator       : HHH000489: No JTA platform available (set 'hibernate.transaction.jta.platform' to enable JTA platform integration)
2026-08-22T17:08:02.005+03:00  INFO 11328 --- [           main] j.LocalContainerEntityManagerFactoryBean : Initialized JPA EntityManagerFactory for persistence unit 'default'
2026-08-22T17:08:02.385+03:00  INFO 11328 --- [           main] o.s.d.j.r.query.QueryEnhancerFactory     : Hibernate is in classpath; If applicable, HQL parser will be used.
2026-08-22T17:08:02.891+03:00  WARN 11328 --- [           main] JpaBaseConfiguration$JpaWebConfiguration : spring.jpa.open-in-view is enabled by default. Therefore, database queries may be performed during view rendering. Explicitly configure spring.jpa.open-in-view to disable this warning
2026-08-22T17:08:03.224+03:00  INFO 11328 --- [           main] o.s.s.web.DefaultSecurityFilterChain     : Will secure any request with [org.springframework.security.web.session.DisableEncodeUrlFilter@30f13b3a, org.springframework.security.web.context.request.async.WebAsyncManagerIntegrationFilter@508bd0d5, org.springframework.security.web.context.SecurityContextHolderFilter@3cbd8edb, org.springframework.security.web.header.HeaderWriterFilter@48673a8f, org.springframework.security.web.authentication.logout.LogoutFilter@187f107, org.example.springbootadventure.security.JwtAuthenticationFilter@667b3972, org.springframework.security.web.authentication.www.BasicAuthenticationFilter@72a25716, org.springframework.security.web.savedrequest.RequestCacheAwareFilter@43ebc9b5, org.springframework.security.web.servletapi.SecurityContextHolderAwareRequestFilter@b96fcf3, org.springframework.security.web.authentication.AnonymousAuthenticationFilter@35ea9d72, org.springframework.security.web.session.SessionManagementFilter@b979091, org.springframework.security.web.access.ExceptionTranslationFilter@11619ade, org.springframework.security.web.access.intercept.AuthorizationFilter@9fb4031]
2026-08-22T17:08:03.638+03:00  INFO 11328 --- [           main] .e.s.SpringBootAdventureApplicationTests : Started SpringBootAdventureApplicationTests in 5.904 seconds (process running for 6.673)
]]></system-out>
    <system-err><![CDATA[WARNING: A Java agent has been loaded dynamically (C:\Users\user\.m2\repository\net\bytebuddy\byte-buddy-agent\1.14.13\byte-buddy-agent-1.14.13.jar)
WARNING: If a serviceability tool is in use, please run with -XX:+EnableDynamicAgentLoading to hide this warning
WARNING: If a serviceability tool is not in use, please run with -Djdk.instrument.traceUsage for more information
WARNING: Dynamic loading of agents will be disallowed by default in a future release
]]></system-err>
  </testcase>
</testsuite>